#
# There is insufficient memory for the Java Runtime Environment to continue.
# Native memory allocation (malloc) failed to allocate 1048576 bytes for AllocateHeap
# Possible reasons:
#   The system is out of physical RAM or swap space
#   The process is running with CompressedOops enabled, and the Java Heap may be blocking the growth of the native heap
# Possible solutions:
#   Reduce memory load on the system
#   Increase physical memory or swap space
#   Check if swap backing store is full
#   Decrease Java heap size (-Xmx/-Xms)
#   Decrease number of Java threads
#   Decrease Java thread stack sizes (-Xss)
#   Set larger code cache with -XX:ReservedCodeCacheSize=
#   JVM is running with Unscaled Compressed Oops mode in which the Java heap is
#     placed in the first 4GB address space. The Java Heap base address is the
#     maximum limit for the native heap growth. Please use -XX:HeapBaseMinAddress
#     to set the Java Heap base and to place the Java Heap above 4GB virtual address.
# This output file may be truncated or incomplete.
#
#  Out of Memory Error (allocation.cpp:44), pid=1068, tid=8240
#
# JRE version:  (17.0.9) (build )
# Java VM: OpenJDK 64-Bit Server VM (17.0.9+0--11185874, mixed mode, sharing, tiered, compressed oops, compressed class ptrs, g1 gc, windows-amd64)
# No core dump will be written. Minidumps are not enabled by default on client versions of Windows
#

---------------  S U M M A R Y ------------

Command Line: git4idea.http.GitAskPassApp Username for 'https://github.com': 

Host: Intel(R) Core(TM) i3-8100 CPU @ 3.60GHz, 4 cores, 3G,  Windows 10 , 64 bit Build 19041 (10.0.19041.4957)
Time: Mon Nov  4 15:16:27 2024 Sri Lanka Standard Time elapsed time: 0.013627 seconds (0d 0h 0m 0s)

---------------  T H R E A D  ---------------

Current thread (0x000001bc13f72950):  JavaThread "Unknown thread" [_thread_in_vm, id=8240, stack(0x0000006653000000,0x0000006653100000)]

Stack: [0x0000006653000000,0x0000006653100000]
Native frames: (J=compiled Java code, j=interpreted, Vv=VM code, C=native code)
V  [jvm.dll+0x6886e9]
V  [jvm.dll+0x841e4a]
V  [jvm.dll+0x843a8e]
V  [jvm.dll+0x8440f3]
V  [jvm.dll+0x24c14f]
V  [jvm.dll+0xa6b5b]
V  [jvm.dll+0x2ec017]
V  [jvm.dll+0x2e3cab]
V  [jvm.dll+0x8129f1]
V  [jvm.dll+0x3720c1]
V  [jvm.dll+0x7f152c]
V  [jvm.dll+0x3f5d4f]
V  [jvm.dll+0x3f7981]
C  [jli.dll+0x528f]
C  [ucrtbase.dll+0x21bb2]
C  [KERNEL32.DLL+0x17374]
C  [ntdll.dll+0x4cc91]


---------------  P R O C E S S  ---------------

Threads class SMR info:
_java_thread_list=0x00007ffd6518ef18, length=0, elements={
}

Java Threads: ( => current thread )

Other Threads:
  0x000001bc13fa9d30 GCTaskThread "GC Thread#0" [stack: 0x0000006653100000,0x0000006653200000] [id=3520]

[error occurred during error reporting (printing all threads), id 0xc0000005, EXCEPTION_ACCESS_VIOLATION (0xc0000005) at pc=0x00007ffd64940f60]

VM state: not at safepoint (not fully initialized)

VM Mutex/Monitor currently owned by a thread:  ([mutex/lock_event])
[0x000001bc13f6f090] Heap_lock - owner thread: 0x000001bc13f72950

Heap address: 0x00000000c1c00000, size: 996 MB, Compressed Oops mode: 32-bit

CDS archive(s) mapped at: [0x0000000000000000-0x0000000000000000-0x0000000000000000), size 0, SharedBaseAddress: 0x0000000800000000, ArchiveRelocationMode: 1.
Narrow klass base: 0x0000000000000000, Narrow klass shift: 0, Narrow klass range: 0x0

GC Precious Log:
<Empty>

Heap:
 garbage-first heap   total 0K, used 0K [0x00000000c1c00000, 0x0000000100000000)
  region size 1024K, 0 young (0K), 0 survivors (0K)
 Metaspace       used 0K, committed 0K, reserved 0K
  class space    used 0K, committed 0K, reserved 0K

Heap Regions: E=young(eden), S=young(survivor), O=old, HS=humongous(starts), HC=humongous(continues), CS=collection set, F=free, OA=open archive, CA=closed archive, TAMS=top-at-mark-start (previous, next)

Card table byte_map: [0x000001bc26650000,0x000001bc26850000] _byte_map_base: 0x000001bc26042000

GC Heap History (0 events):
No events

Dll operation events (1 events):
Event: 0.007 Loaded shared library C:\Program Files\Android\Android Studio\jbr\bin\java.dll

Deoptimization events (0 events):
No events

Classes unloaded (0 events):
No events

Classes redefined (0 events):
No events

Internal exceptions (0 events):
No events

VM Operations (0 events):
No events

Events (0 events):
No events


Dynamic libraries:
0x00007ff66f2b0000 - 0x00007ff66f2ba000 	C:\Program Files\Android\Android Studio\jbr\bin\java.exe
0x00007ffdb2970000 - 0x00007ffdb2b68000 	C:\Windows\SYSTEM32\ntdll.dll
0x00007ffdb23b0000 - 0x00007ffdb2472000 	C:\Windows\System32\KERNEL32.DLL
0x00007ffdb0390000 - 0x00007ffdb068e000 	C:\Windows\System32\KERNELBASE.dll
0x00007ffdb0690000 - 0x00007ffdb0790000 	C:\Windows\System32\ucrtbase.dll
0x00007ffdaa4a0000 - 0x00007ffdaa4bb000 	C:\Program Files\Android\Android Studio\jbr\bin\VCRUNTIME140.dll
0x00007ffda10e0000 - 0x00007ffda10f7000 	C:\Program Files\Android\Android Studio\jbr\bin\jli.dll
0x00007ffdb13d0000 - 0x00007ffdb156d000 	C:\Windows\System32\USER32.dll
0x00007ffdb0010000 - 0x00007ffdb0032000 	C:\Windows\System32\win32u.dll
0x00007ffd9b540000 - 0x00007ffd9b7da000 	C:\Windows\WinSxS\amd64_microsoft.windows.common-controls_6595b64144ccf1df_6.0.19041.4355_none_60b8b9eb71f62e16\COMCTL32.dll
0x00007ffdb2560000 - 0x00007ffdb258b000 	C:\Windows\System32\GDI32.dll
0x00007ffdb1af0000 - 0x00007ffdb1b8e000 	C:\Windows\System32\msvcrt.dll
0x00007ffdb0790000 - 0x00007ffdb08a7000 	C:\Windows\System32\gdi32full.dll
0x00007ffdb00b0000 - 0x00007ffdb014d000 	C:\Windows\System32\msvcp_win.dll
0x00007ffdb2590000 - 0x00007ffdb25bf000 	C:\Windows\System32\IMM32.DLL
0x00007ffdaa570000 - 0x00007ffdaa57c000 	C:\Program Files\Android\Android Studio\jbr\bin\vcruntime140_1.dll
0x00007ffda11c0000 - 0x00007ffda124d000 	C:\Program Files\Android\Android Studio\jbr\bin\msvcp140.dll
0x00007ffd64650000 - 0x00007ffd652d3000 	C:\Program Files\Android\Android Studio\jbr\bin\server\jvm.dll
0x00007ffdb0ea0000 - 0x00007ffdb0f52000 	C:\Windows\System32\ADVAPI32.dll
0x00007ffdb15d0000 - 0x00007ffdb1670000 	C:\Windows\System32\sechost.dll
0x00007ffdb0d10000 - 0x00007ffdb0e33000 	C:\Windows\System32\RPCRT4.dll
0x00007ffdb0960000 - 0x00007ffdb0987000 	C:\Windows\System32\bcrypt.dll
0x00007ffdafe70000 - 0x00007ffdafebb000 	C:\Windows\SYSTEM32\POWRPROF.dll
0x00007ffd9c110000 - 0x00007ffd9c119000 	C:\Windows\SYSTEM32\WSOCK32.dll
0x00007ffd9cfb0000 - 0x00007ffd9cfd7000 	C:\Windows\SYSTEM32\WINMM.dll
0x00007ffdb0b70000 - 0x00007ffdb0bdb000 	C:\Windows\System32\WS2_32.dll
0x00007ffda9c00000 - 0x00007ffda9c0a000 	C:\Windows\SYSTEM32\VERSION.dll
0x00007ffdafe50000 - 0x00007ffdafe62000 	C:\Windows\SYSTEM32\UMPDC.dll
0x00007ffdadeb0000 - 0x00007ffdadec2000 	C:\Windows\SYSTEM32\kernel.appcore.dll
0x00007ffdad6b0000 - 0x00007ffdad6ba000 	C:\Program Files\Android\Android Studio\jbr\bin\jimage.dll
0x00007ffd9d7e0000 - 0x00007ffd9d9c4000 	C:\Windows\SYSTEM32\DBGHELP.DLL
0x00007ffd9ce00000 - 0x00007ffd9ce34000 	C:\Windows\SYSTEM32\dbgcore.DLL
0x00007ffdb0300000 - 0x00007ffdb0382000 	C:\Windows\System32\bcryptPrimitives.dll
0x00007ffdaa650000 - 0x00007ffdaa675000 	C:\Program Files\Android\Android Studio\jbr\bin\java.dll

dbghelp: loaded successfully - version: 4.0.5 - missing functions: none
symbol engine: initialized successfully - sym options: 0x614 - pdb path: .;C:\Program Files\Android\Android Studio\jbr\bin;C:\Windows\SYSTEM32;C:\Windows\WinSxS\amd64_microsoft.windows.common-controls_6595b64144ccf1df_6.0.19041.4355_none_60b8b9eb71f62e16;C:\Program Files\Android\Android Studio\jbr\bin\server

VM Arguments:
java_command: git4idea.http.GitAskPassApp Username for 'https://github.com': 
java_class_path (initial): C:/Program Files/Android/Android Studio/plugins/vcs-git/lib/git4idea-rt.jar;C:/Program Files/Android/Android Studio/lib/externalProcess-rt.jar
Launcher Type: SUN_STANDARD

[Global flags]
     intx CICompilerCount                          = 3                                         {product} {ergonomic}
     uint ConcGCThreads                            = 1                                         {product} {ergonomic}
     uint G1ConcRefinementThreads                  = 4                                         {product} {ergonomic}
   size_t G1HeapRegionSize                         = 1048576                                   {product} {ergonomic}
    uintx GCDrainStackTargetSize                   = 64                                        {product} {ergonomic}
   size_t InitialHeapSize                          = 67108864                                  {product} {ergonomic}
   size_t MarkStackSize                            = 4194304                                   {product} {ergonomic}
   size_t MaxHeapSize                              = 1044381696                                {product} {ergonomic}
   size_t MinHeapDeltaBytes                        = 1048576                                   {product} {ergonomic}
   size_t MinHeapSize                              = 8388608                                   {product} {ergonomic}
    uintx NonNMethodCodeHeapSize                   = 5832780                                {pd product} {ergonomic}
    uintx NonProfiledCodeHeapSize                  = 122912730                              {pd product} {ergonomic}
    uintx ProfiledCodeHeapSize                     = 122912730                              {pd product} {ergonomic}
    uintx ReservedCodeCacheSize                    = 251658240                              {pd product} {ergonomic}
     bool SegmentedCodeCache                       = true                                      {product} {ergonomic}
   size_t SoftMaxHeapSize                          = 1044381696                             {manageable} {ergonomic}
     bool UseCompressedClassPointers               = true                           {product lp64_product} {ergonomic}
     bool UseCompressedOops                        = true                           {product lp64_product} {ergonomic}
     bool UseG1GC                                  = true                                      {product} {ergonomic}
     bool UseLargePagesIndividualAllocation        = false                                  {pd product} {ergonomic}

Logging:
Log output configuration:
 #0: stdout all=warning uptime,level,tags
 #1: stderr all=off uptime,level,tags

Environment Variables:
PATH=C:\Program Files\Git\mingw64\libexec\git-core;C:\Program Files\Git\mingw64\libexec\git-core;C:\Program Files\Git\mingw64\bin;C:\Program Files\Git\usr\bin;C:\Users\NVQ 5\bin;C:\Program Files\Common Files\Oracle\Java\javapath;C:\oraclexe\app\oracle\product\11.2.0\server\bin;C:\ProgramData\Oracle\Java\javapath;C:\Windows\system32;C:\Windows;C:\Windows\System32\Wbem;C:\Windows\System32\WindowsPowerShell\v1.0;C:\Windows\System32\OpenSSH;C:\kotlin-compiler-1.2.21\kotlinc\bin;C:\Program Files\Git\cmd;C:\Program Files\Java\jdk1.8.0_111\bin;C:\Users\NVQ 5\AppData\Local\Programs\Microsoft VS Code\bin;C:\Program Files\JetBrains\IntelliJ IDEA Community Edition 2024.1.3\bin
USERNAME=NVQ 5
DISPLAY=:0.0
LC_ALL=en_US.UTF-8
TERM=xterm-256color
TMPDIR=C:\Users\NVQ5~1\AppData\Local\Temp
OS=Windows_NT
PROCESSOR_IDENTIFIER=Intel64 Family 6 Model 158 Stepping 11, GenuineIntel
TMP=C:\Users\NVQ5~1\AppData\Local\Temp
TEMP=C:\Users\NVQ5~1\AppData\Local\Temp



Periodic native trim disabled

JNI global refs:
JNI global refs: 0, weak refs: 0

JNI global refs memory usage: 0, weak refs: 0

OOME stack traces (most recent first):
Classloader memory used:


---------------  S Y S T E M  ---------------

OS:
 Windows 10 , 64 bit Build 19041 (10.0.19041.4957)
OS uptime: 6 days 5:16 hours

CPU: total 4 (initial active 4) (4 cores per cpu, 1 threads per core) family 6 model 158 stepping 11 microcode 0xb4, cx8, cmov, fxsr, mmx, 3dnowpref, sse, sse2, sse3, ssse3, sse4.1, sse4.2, popcnt, lzcnt, tsc, tscinvbit, avx, avx2, erms, clmul, bmi1, bmi2, adx, fma, vzeroupper, clflush, clflushopt
Processor Information for all 4 processors :
  Max Mhz: 3600, Current Mhz: 3600, Mhz Limit: 3600

Memory: 4k page, system-wide physical 3982M (412M free)
TotalPageFile size 16270M (AvailPageFile size 6M)
current process WorkingSet (physical memory assigned to process): 10M, peak: 10M
current process commit charge ("private bytes"): 48M, peak: 49M

vm_info: OpenJDK 64-Bit Server VM (17.0.9+0--11185874) for windows-amd64 JRE (17.0.9+0--11185874), built on Dec  6 2023 18:57:44 by "androidbuild" with MS VC++ 16.10 / 16.11 (VS2019)

END.
